# JRE version: OpenJDK Runtime Environment Homebrew (11.0.25) (build 11.0.25+0)
# Java VM: OpenJDK 64-Bit Server VM Homebrew (11.0.25+0, mixed mode, tiered, compressed oops, g1 gc, bsd-aarch64)
Heap:
 garbage-first heap   total 356352K, used 249327K [0x00000007c8800000, 0x00000007e8800000)
  region size 1024K, 32 young (32768K), 5 survivors (5120K)
 Metaspace       used 173752K, capacity 179033K, committed 182032K, reserved 544768K
  class space    used 21030K, capacity 22916K, committed 23744K, reserved 385024K
GC Heap History (20 events):
Event: 21440.809 GC heap before
{Heap before GC invocations=180 (full 2):
 garbage-first heap   total 356352K, used 255131K [0x00000007c8800000, 0x00000007e8800000)
  region size 1024K, 17 young (17408K), 5 survivors (5120K)
 Metaspace       used 173407K, capacity 178903K, committed 182032K, reserved 544768K
  class space    used 21057K, capacity 23000K, committed 23744K, reserved 385024K
}
Event: 21440.825 GC heap after
{Heap after GC invocations=181 (full 2):
 garbage-first heap   total 356352K, used 244241K [0x00000007c8800000, 0x00000007e8800000)
  region size 1024K, 2 young (2048K), 2 survivors (2048K)
 Metaspace       used 173407K, capacity 178903K, committed 182032K, reserved 544768K
  class space    used 21057K, capacity 23000K, committed 23744K, reserved 385024K
}
Event: 21440.921 GC heap before
{Heap before GC invocations=181 (full 2):
 garbage-first heap   total 356352K, used 259601K [0x00000007c8800000, 0x00000007e8800000)
  region size 1024K, 18 young (18432K), 2 survivors (2048K)
 Metaspace       used 173419K, capacity 178911K, committed 182032K, reserved 544768K
  class space    used 21059K, capacity 23002K, committed 23744K, reserved 385024K
}
Event: 21440.930 GC heap after
{Heap after GC invocations=182 (full 2):
 garbage-first heap   total 356352K, used 245883K [0x00000007c8800000, 0x00000007e8800000)
  region size 1024K, 4 young (4096K), 4 survivors (4096K)
 Metaspace       used 173419K, capacity 178911K, committed 182032K, reserved 544768K
  class space    used 21059K, capacity 23002K, committed 23744K, reserved 385024K
}
Event: 21441.114 GC heap before
{Heap before GC invocations=182 (full 2):
 garbage-first heap   total 356352K, used 281723K [0x00000007c8800000, 0x00000007e8800000)
  region size 1024K, 43 young (44032K), 4 survivors (4096K)
 Metaspace       used 172893K, capacity 178025K, committed 182032K, reserved 544768K
  class space    used 20967K, capacity 22838K, committed 23744K, reserved 385024K
}
Event: 21441.126 GC heap after
{Heap after GC invocations=183 (full 2):
 garbage-first heap   total 356352K, used 246866K [0x00000007c8800000, 0x00000007e8800000)
  region size 1024K, 6 young (6144K), 6 survivors (6144K)
 Metaspace       used 172893K, capacity 178025K, committed 182032K, reserved 544768K
  class space    used 20967K, capacity 22838K, committed 23744K, reserved 385024K
}
Event: 21441.197 GC heap before
{Heap before GC invocations=184 (full 2):
 garbage-first heap   total 356352K, used 292946K [0x00000007c8800000, 0x00000007e8800000)
  region size 1024K, 45 young (46080K), 6 survivors (6144K)
 Metaspace       used 172895K, capacity 178025K, committed 182032K, reserved 544768K
  class space    used 20967K, capacity 22838K, committed 23744K, reserved 385024K
}
Event: 21441.207 GC heap after
{Heap after GC invocations=185 (full 2):
 garbage-first heap   total 356352K, used 264912K [0x00000007c8800000, 0x00000007e8800000)
  region size 1024K, 6 young (6144K), 6 survivors (6144K)
 Metaspace       used 172895K, capacity 178025K, committed 182032K, reserved 544768K
  class space    used 20967K, capacity 22838K, committed 23744K, reserved 385024K
}
Event: 21441.242 GC heap before
{Heap before GC invocations=185 (full 2):
 garbage-first heap   total 356352K, used 276176K [0x00000007c8800000, 0x00000007e8800000)
  region size 1024K, 17 young (17408K), 6 survivors (6144K)
 Metaspace       used 172911K, capacity 178025K, committed 182032K, reserved 544768K
  class space    used 20967K, capacity 22838K, committed 23744K, reserved 385024K
}
Event: 21441.252 GC heap after
{Heap after GC invocations=186 (full 2):
 garbage-first heap   total 356352K, used 236995K [0x00000007c8800000, 0x00000007e8800000)
  region size 1024K, 3 young (3072K), 3 survivors (3072K)
 Metaspace       used 172911K, capacity 178025K, committed 182032K, reserved 544768K
  class space    used 20967K, capacity 22838K, committed 23744K, reserved 385024K
}
Event: 21441.259 GC heap before
{Heap before GC invocations=186 (full 2):
 garbage-first heap   total 356352K, used 250307K [0x00000007c8800000, 0x00000007e8800000)
  region size 1024K, 17 young (17408K), 3 survivors (3072K)
 Metaspace       used 172911K, capacity 178025K, committed 182032K, reserved 544768K
  class space    used 20967K, capacity 22838K, committed 23744K, reserved 385024K
}
Event: 21441.266 GC heap after
{Heap after GC invocations=187 (full 2):
 garbage-first heap   total 356352K, used 228762K [0x00000007c8800000, 0x00000007e8800000)
  region size 1024K, 2 young (2048K), 2 survivors (2048K)
 Metaspace       used 172911K, capacity 178025K, committed 182032K, reserved 544768K
  class space    used 20967K, capacity 22838K, committed 23744K, reserved 385024K
}
Event: 21441.360 GC heap before
{Heap before GC invocations=187 (full 2):
 garbage-first heap   total 356352K, used 274842K [0x00000007c8800000, 0x00000007e8800000)
  region size 1024K, 47 young (48128K), 2 survivors (2048K)
 Metaspace       used 172981K, capacity 178089K, committed 182032K, reserved 544768K
  class space    used 20967K, capacity 22838K, committed 23744K, reserved 385024K
}
Event: 21441.364 GC heap after
{Heap after GC invocations=188 (full 2):
 garbage-first heap   total 356352K, used 233446K [0x00000007c8800000, 0x00000007e8800000)
  region size 1024K, 6 young (6144K), 6 survivors (6144K)
 Metaspace       used 172981K, capacity 178089K, committed 182032K, reserved 544768K
  class space    used 20967K, capacity 22838K, committed 23744K, reserved 385024K
}
Event: 21441.599 GC heap before
{Heap before GC invocations=189 (full 2):
 garbage-first heap   total 356352K, used 280550K [0x00000007c8800000, 0x00000007e8800000)
  region size 1024K, 52 young (53248K), 6 survivors (6144K)
 Metaspace       used 173463K, capacity 178582K, committed 182032K, reserved 544768K
  class space    used 21004K, capacity 22872K, committed 23744K, reserved 385024K
}
Event: 21441.605 GC heap after
{Heap after GC invocations=190 (full 2):
 garbage-first heap   total 356352K, used 232878K [0x00000007c8800000, 0x00000007e8800000)
  region size 1024K, 7 young (7168K), 7 survivors (7168K)
 Metaspace       used 173463K, capacity 178582K, committed 182032K, reserved 544768K
  class space    used 21004K, capacity 22872K, committed 23744K, reserved 385024K
}
Event: 21441.620 GC heap before
{Heap before GC invocations=190 (full 2):
 garbage-first heap   total 356352K, used 243118K [0x00000007c8800000, 0x00000007e8800000)
  region size 1024K, 17 young (17408K), 7 survivors (7168K)
 Metaspace       used 173473K, capacity 178582K, committed 182032K, reserved 544768K
  class space    used 21005K, capacity 22872K, committed 23744K, reserved 385024K
}
Event: 21441.626 GC heap after
{Heap after GC invocations=191 (full 2):
 garbage-first heap   total 356352K, used 230540K [0x00000007c8800000, 0x00000007e8800000)
  region size 1024K, 2 young (2048K), 2 survivors (2048K)
 Metaspace       used 173473K, capacity 178582K, committed 182032K, reserved 544768K
  class space    used 21005K, capacity 22872K, committed 23744K, reserved 385024K
}
Event: 21441.744 GC heap before
{Heap before GC invocations=191 (full 2):
 garbage-first heap   total 356352K, used 279692K [0x00000007c8800000, 0x00000007e8800000)
  region size 1024K, 51 young (52224K), 2 survivors (2048K)
 Metaspace       used 173654K, capacity 178955K, committed 182032K, reserved 544768K
  class space    used 21023K, capacity 22903K, committed 23744K, reserved 385024K
}
Event: 21441.752 GC heap after
{Heap after GC invocations=192 (full 2):
 garbage-first heap   total 356352K, used 233967K [0x00000007c8800000, 0x00000007e8800000)
  region size 1024K, 5 young (5120K), 5 survivors (5120K)
 Metaspace       used 173654K, capacity 178955K, committed 182032K, reserved 544768K
  class space    used 21023K, capacity 22903K, committed 23744K, reserved 385024K
}

